2025-04-17 17:38:39|ReportService|INFO|Failed to generate daily report: file access denied.
2025-04-17 17:35:39|ReportService|WARN|Cache cleared successfully.
2025-04-17 17:32:39|DataSync|WARN|User 'asmith' successfully logged in.
2025-04-17 17:29:39|AuthService|ERROR|Synchronization completed with 4 errors.
2025-04-17 17:26:39|AuthService|WARN|User 'asmith' successfully logged in.
2025-04-17 17:23:39|AuthService|ERROR|User 'jdoe' successfully logged in.
2025-04-17 17:20:39|AuthService|WARN|System check completed. All systems operational.
2025-04-17 17:17:39|CacheService|WARN|Failed to generate daily report: timeout occurred.
2025-04-17 17:14:39|DataSync|WARN|System check completed. All systems operational.
2025-04-17 17:11:39|DataSync|DEBUG|Failed to generate daily report: file access denied.
2025-04-17 17:08:39|Scheduler|WARN|Task '' scheduled for 04:00 AM.
2025-04-17 17:05:39|DataSync|ERROR|Synchronization completed with 2 errors.
2025-04-17 17:02:39|AuthService|WARN|Failed to generate daily report: disk full.
2025-04-17 16:59:39|System|WARN|Task '' scheduled for 02:00 AM.
2025-04-17 16:56:39|System|ERROR|Synchronization completed with 1 errors.
2025-04-17 16:53:39|AuthService|ERROR|Invalid password attempt for user 'asmith'.
2025-04-17 16:50:39|ReportService|ERROR|Failed to generate daily report: file access denied.
2025-04-17 16:47:39|CacheService|INFO|Cache cleared successfully.
2025-04-17 16:44:39|CacheService|ERROR|User 'jdoe' successfully logged in.
2025-04-17 16:41:39|DataSync|INFO|User 'bjones' logged out.
2025-04-17 16:38:39|CacheService|DEBUG|User 'bjones' logged out.
2025-04-17 16:35:39|Scheduler|DEBUG|System check completed. All systems operational.
2025-04-17 16:32:39|System|ERROR|Invalid password attempt for user 'admin'.
2025-04-17 16:29:39|CacheService|DEBUG|Invalid password attempt for user 'bjones'.
2025-04-17 16:26:39|Scheduler|WARN|Cache cleared successfully.
2025-04-17 16:23:39|CacheService|ERROR|User 'bjones' successfully logged in.
2025-04-17 16:20:39|CacheService|ERROR|Failed to generate daily report: timeout occurred.
2025-04-17 16:17:39|Scheduler|INFO|User 'jdoe' successfully logged in.
2025-04-17 16:14:39|AuthService|WARN|Task '' scheduled for 04:00 AM.
2025-04-17 16:11:39|ReportService|ERROR|User 'jdoe' successfully logged in.
2025-04-17 16:08:39|ReportService|WARN|Synchronization completed with 1 errors.
2025-04-17 16:05:39|Scheduler|INFO|Failed to generate daily report: file access denied.
2025-04-17 16:02:39|ReportService|ERROR|Invalid password attempt for user 'jdoe'.
2025-04-17 15:59:39|System|WARN|Task '' scheduled for 12:00 PM.
2025-04-17 15:56:39|AuthService|WARN|System check completed. All systems operational.
2025-04-17 15:53:39|AuthService|INFO|User 'asmith' successfully logged in.
2025-04-17 15:50:39|Scheduler|WARN|Invalid password attempt for user 'asmith'.
2025-04-17 15:47:39|ReportService|ERROR|Invalid password attempt for user 'bjones'.
2025-04-17 15:44:39|DataSync|INFO|Failed to generate daily report: permission denied.
2025-04-17 15:41:39|ReportService|INFO|User 'asmith' successfully logged in.
2025-04-17 15:38:39|CacheService|DEBUG|System check completed. All systems operational.
2025-04-17 15:35:39|CacheService|INFO|Failed to generate daily report: disk full.
2025-04-17 15:32:39|Scheduler|DEBUG|User 'bjones' logged out.
2025-04-17 15:29:39|AuthService|INFO|Cache cleared successfully.
2025-04-17 15:26:39|System|INFO|System check completed. All systems operational.
2025-04-17 15:23:39|ReportService|ERROR|User 'bjones' successfully logged in.
2025-04-17 15:20:39|System|ERROR|User 'asmith' successfully logged in.
2025-04-17 15:17:39|ReportService|DEBUG|Invalid password attempt for user 'asmith'.
2025-04-17 15:14:39|DataSync|WARN|Cache cleared successfully.
2025-04-17 15:11:39|ReportService|ERROR|Failed to generate daily report: file access denied.
2025-04-17 15:08:39|Scheduler|WARN|Invalid password attempt for user 'jdoe'.
2025-04-17 15:05:39|CacheService|ERROR|System check completed. All systems operational.
2025-04-17 15:02:39|System|ERROR|User 'admin' successfully logged in.
2025-04-17 14:59:39|CacheService|WARN|Task '' scheduled for 04:00 AM.
2025-04-17 14:56:39|DataSync|INFO|User 'admin' successfully logged in.
2025-04-17 14:53:39|Scheduler|WARN|System check completed. All systems operational.
2025-04-17 14:50:39|Scheduler|INFO|User 'asmith' successfully logged in.
2025-04-17 14:47:39|Scheduler|ERROR|Failed to generate daily report: timeout occurred.
2025-04-17 14:44:39|ReportService|ERROR|Data synchronization took longer than expected.
2025-04-17 14:41:39|DataSync|DEBUG|Cache cleared successfully.
2025-04-17 14:38:39|Scheduler|WARN|Cache cleared successfully.
2025-04-17 14:35:39|DataSync|WARN|Failed to generate daily report: permission denied.
2025-04-17 14:32:39|ReportService|INFO|System check completed. All systems operational.
2025-04-17 14:29:39|ReportService|WARN|Cache cleared successfully.
2025-04-17 14:26:39|ReportService|INFO|Synchronization completed with 0 errors.
2025-04-17 14:23:39|DataSync|INFO|User 'admin' successfully logged in.
2025-04-17 14:20:39|Scheduler|DEBUG|Synchronization completed with 4 errors.
2025-04-17 14:17:39|System|DEBUG|System check completed. All systems operational.
2025-04-17 14:14:39|CacheService|INFO|Cache cleared successfully.
2025-04-17 14:11:39|AuthService|ERROR|Task '' scheduled for 04:00 AM.
2025-04-17 14:08:39|System|DEBUG|Synchronization completed with 4 errors.
2025-04-17 14:05:39|DataSync|DEBUG|Invalid password attempt for user 'bjones'.
2025-04-17 14:02:39|System|WARN|Data synchronization took longer than expected.
2025-04-17 13:59:39|DataSync|WARN|Task '' scheduled for 12:00 PM.
2025-04-17 13:56:39|System|INFO|Data synchronization took longer than expected.
2025-04-17 13:53:39|Scheduler|ERROR|Task '' scheduled for 02:00 AM.
2025-04-17 13:50:39|DataSync|DEBUG|System check completed. All systems operational.
2025-04-17 13:47:39|DataSync|WARN|User 'asmith' logged out.
2025-04-17 13:44:39|System|ERROR|User 'admin' logged out.
2025-04-17 13:41:39|AuthService|ERROR|Cache cleared successfully.
2025-04-17 13:38:39|AuthService|ERROR|Task '' scheduled for 04:00 AM.
2025-04-17 13:35:39|Scheduler|ERROR|Task '' scheduled for 12:00 PM.
2025-04-17 13:32:39|AuthService|WARN|Synchronization completed with 1 errors.
2025-04-17 13:29:39|DataSync|WARN|Data synchronization took longer than expected.
2025-04-17 13:26:39|AuthService|DEBUG|User 'asmith' logged out.
2025-04-17 13:23:39|DataSync|DEBUG|Invalid password attempt for user 'asmith'.
2025-04-17 13:20:39|AuthService|INFO|System check completed. All systems operational.
2025-04-17 13:17:39|CacheService|ERROR|System check completed. All systems operational.
2025-04-17 13:14:39|DataSync|DEBUG|Data synchronization took longer than expected.
2025-04-17 13:11:39|CacheService|INFO|System check completed. All systems operational.
2025-04-17 13:08:39|ReportService|DEBUG|Cache cleared successfully.
2025-04-17 13:05:39|CacheService|WARN|User 'admin' logged out.
2025-04-17 13:02:39|ReportService|INFO|System check completed. All systems operational.
2025-04-17 12:59:39|AuthService|ERROR|User 'jdoe' successfully logged in.
2025-04-17 12:56:39|System|ERROR|Invalid password attempt for user 'jdoe'.
2025-04-17 12:53:39|AuthService|INFO|User 'asmith' successfully logged in.
2025-04-17 12:50:39|Scheduler|ERROR|Failed to generate daily report: timeout occurred.
2025-04-17 12:47:39|System|WARN|Cache cleared successfully.
2025-04-17 12:44:39|DataSync|WARN|Synchronization completed with 1 errors.
2025-04-17 12:41:39|System|WARN|User 'admin' logged out.
2025-04-17 12:38:39|CacheService|DEBUG|System check completed. All systems operational.
2025-04-17 12:35:39|CacheService|ERROR|Failed to generate daily report: file access denied.
2025-04-17 12:32:39|Scheduler|ERROR|System check completed. All systems operational.
2025-04-17 12:29:39|ReportService|WARN|Data synchronization took longer than expected.
2025-04-17 12:26:39|System|WARN|Data synchronization took longer than expected.
2025-04-17 12:23:39|DataSync|DEBUG|System check completed. All systems operational.
2025-04-17 12:20:39|Scheduler|WARN|Synchronization completed with 0 errors.
2025-04-17 12:17:39|DataSync|ERROR|Invalid password attempt for user 'jdoe'.
2025-04-17 12:14:39|AuthService|ERROR|User 'jdoe' logged out.
2025-04-17 12:11:39|Scheduler|INFO|Synchronization completed with 3 errors.
2025-04-17 12:08:39|DataSync|WARN|Cache cleared successfully.
2025-04-17 12:05:39|ReportService|INFO|System check completed. All systems operational.
2025-04-17 12:02:39|ReportService|INFO|System check completed. All systems operational.
2025-04-17 11:59:39|CacheService|DEBUG|System check completed. All systems operational.
2025-04-17 11:56:39|System|DEBUG|Data synchronization took longer than expected.
2025-04-17 11:53:39|System|INFO|User 'admin' logged out.
2025-04-17 11:50:39|ReportService|WARN|Synchronization completed with 4 errors.
2025-04-17 11:47:39|CacheService|DEBUG|Task '' scheduled for 02:00 AM.
2025-04-17 11:44:39|ReportService|WARN|User 'admin' successfully logged in.
2025-04-17 11:41:39|Scheduler|INFO|Synchronization completed with 3 errors.
2025-04-17 11:38:39|DataSync|WARN|Invalid password attempt for user 'admin'.
2025-04-17 11:35:39|System|INFO|Task '' scheduled for 04:00 AM.
2025-04-17 11:32:39|AuthService|WARN|User 'jdoe' logged out.
2025-04-17 11:29:39|CacheService|INFO|Invalid password attempt for user 'jdoe'.
2025-04-17 11:26:39|Scheduler|WARN|Data synchronization took longer than expected.
2025-04-17 11:23:39|CacheService|DEBUG|Failed to generate daily report: permission denied.
2025-04-17 11:20:39|ReportService|ERROR|System check completed. All systems operational.
2025-04-17 11:17:39|DataSync|WARN|Cache cleared successfully.
2025-04-17 11:14:39|System|INFO|Failed to generate daily report: permission denied.
2025-04-17 11:11:39|DataSync|INFO|Failed to generate daily report: file access denied.
2025-04-17 11:08:39|AuthService|WARN|User 'admin' successfully logged in.
2025-04-17 11:05:39|CacheService|INFO|Failed to generate daily report: file access denied.
2025-04-17 11:02:39|System|WARN|User 'jdoe' logged out.
2025-04-17 10:59:39|Scheduler|DEBUG|Invalid password attempt for user 'asmith'.
2025-04-17 10:56:39|CacheService|INFO|User 'asmith' successfully logged in.
2025-04-17 10:53:39|Scheduler|ERROR|Data synchronization took longer than expected.
2025-04-17 10:50:39|Scheduler|WARN|Cache cleared successfully.
2025-04-17 10:47:39|DataSync|DEBUG|Data synchronization took longer than expected.
2025-04-17 10:44:39|System|INFO|Task '' scheduled for 04:00 AM.
2025-04-17 10:41:39|ReportService|WARN|User 'asmith' logged out.
2025-04-17 10:38:39|DataSync|INFO|User 'bjones' successfully logged in.
2025-04-17 10:35:39|System|INFO|Failed to generate daily report: file access denied.
2025-04-17 10:32:39|CacheService|INFO|Data synchronization took longer than expected.
2025-04-17 10:29:39|ReportService|WARN|User 'admin' successfully logged in.
2025-04-17 10:26:39|Scheduler|DEBUG|User 'admin' logged out.
2025-04-17 10:23:39|Scheduler|DEBUG|Failed to generate daily report: permission denied.
2025-04-17 10:20:39|CacheService|DEBUG|Failed to generate daily report: disk full.
2025-04-17 10:17:39|CacheService|WARN|System check completed. All systems operational.
2025-04-17 10:14:39|CacheService|WARN|Failed to generate daily report: permission denied.
2025-04-17 10:11:39|AuthService|WARN|User 'admin' successfully logged in.
2025-04-17 10:08:39|CacheService|DEBUG|Failed to generate daily report: timeout occurred.
2025-04-17 10:05:39|DataSync|DEBUG|User 'asmith' logged out.
2025-04-17 10:02:39|Scheduler|ERROR|Failed to generate daily report: file access denied.
2025-04-17 09:59:39|CacheService|DEBUG|Failed to generate daily report: file access denied.
2025-04-17 09:56:39|AuthService|INFO|Synchronization completed with 4 errors.
2025-04-17 09:53:39|Scheduler|WARN|Invalid password attempt for user 'asmith'.
2025-04-17 09:50:39|AuthService|DEBUG|System check completed. All systems operational.
2025-04-17 09:47:39|ReportService|WARN|User 'bjones' logged out.
2025-04-17 09:44:39|AuthService|INFO|Failed to generate daily report: timeout occurred.
2025-04-17 09:41:39|CacheService|WARN|Invalid password attempt for user 'bjones'.
2025-04-17 09:38:39|System|WARN|Failed to generate daily report: file access denied.
2025-04-17 09:35:39|AuthService|ERROR|User 'asmith' successfully logged in.
2025-04-17 09:32:39|System|DEBUG|User 'asmith' logged out.
2025-04-17 09:29:39|System|ERROR|Data synchronization took longer than expected.
2025-04-17 09:26:39|DataSync|ERROR|Cache cleared successfully.
2025-04-17 09:23:39|Scheduler|ERROR|System check completed. All systems operational.
2025-04-17 09:20:39|ReportService|DEBUG|Task '' scheduled for 02:00 AM.
2025-04-17 09:17:39|ReportService|INFO|Synchronization completed with 0 errors.
2025-04-17 09:14:39|Scheduler|DEBUG|System check completed. All systems operational.
2025-04-17 09:11:39|System|INFO|Invalid password attempt for user 'bjones'.
2025-04-17 09:08:39|AuthService|ERROR|Cache cleared successfully.
2025-04-17 09:05:39|System|ERROR|Data synchronization took longer than expected.
2025-04-17 09:02:39|Scheduler|ERROR|Data synchronization took longer than expected.
2025-04-17 08:59:39|CacheService|DEBUG|User 'admin' logged out.
2025-04-17 08:56:39|System|WARN|Failed to generate daily report: timeout occurred.
2025-04-17 08:53:39|AuthService|DEBUG|Failed to generate daily report: timeout occurred.
2025-04-17 08:50:39|DataSync|ERROR|Task '' scheduled for 04:00 AM.
2025-04-17 08:47:39|System|INFO|System check completed. All systems operational.
2025-04-17 08:44:39|System|ERROR|Cache cleared successfully.
2025-04-17 08:41:39|Scheduler|ERROR|Invalid password attempt for user 'bjones'.
2025-04-17 08:38:39|ReportService|ERROR|User 'bjones' successfully logged in.
2025-04-17 08:35:39|CacheService|WARN|Invalid password attempt for user 'bjones'.
2025-04-17 08:32:39|Scheduler|INFO|Invalid password attempt for user 'admin'.
2025-04-17 08:29:39|Scheduler|DEBUG|Failed to generate daily report: timeout occurred.
2025-04-17 08:26:39|System|DEBUG|Cache cleared successfully.
2025-04-17 08:23:39|AuthService|DEBUG|Data synchronization took longer than expected.
2025-04-17 08:20:39|Scheduler|INFO|Invalid password attempt for user 'admin'.
2025-04-17 08:17:39|System|DEBUG|Invalid password attempt for user 'asmith'.
2025-04-17 08:14:39|System|WARN|User 'admin' successfully logged in.
2025-04-17 08:11:39|CacheService|ERROR|Data synchronization took longer than expected.
2025-04-17 08:08:39|AuthService|WARN|User 'admin' successfully logged in.
2025-04-17 08:05:39|AuthService|ERROR|User 'admin' logged out.
2025-04-17 08:02:39|Scheduler|WARN|Invalid password attempt for user 'bjones'.
2025-04-17 07:59:39|System|INFO|Synchronization completed with 3 errors.
2025-04-17 07:56:39|CacheService|DEBUG|Data synchronization took longer than expected.
2025-04-17 07:53:39|AuthService|DEBUG|Synchronization completed with 2 errors.
2025-04-17 07:50:39|System|ERROR|Synchronization completed with 0 errors.
2025-04-17 07:47:39|AuthService|WARN|Task '' scheduled for 04:00 AM.
2025-04-17 07:44:39|Scheduler|INFO|User 'asmith' successfully logged in.
2025-04-17 07:41:39|AuthService|ERROR|System check completed. All systems operational.
2025-04-17 07:38:39|Scheduler|DEBUG|User 'admin' successfully logged in.
2025-04-17 07:35:39|CacheService|DEBUG|Cache cleared successfully.
2025-04-17 07:32:39|Scheduler|WARN|System check completed. All systems operational.
2025-04-17 07:29:39|System|INFO|Synchronization completed with 0 errors.
2025-04-17 07:26:39|System|ERROR|Invalid password attempt for user 'asmith'.
2025-04-17 07:23:39|CacheService|DEBUG|Synchronization completed with 0 errors.
2025-04-17 07:20:39|ReportService|INFO|Data synchronization took longer than expected.
2025-04-17 07:17:39|System|ERROR|User 'bjones' logged out.
2025-04-17 07:14:39|AuthService|DEBUG|Cache cleared successfully.
2025-04-17 07:11:39|DataSync|WARN|Invalid password attempt for user 'jdoe'.
2025-04-17 07:08:39|System|INFO|System check completed. All systems operational.
2025-04-17 07:05:39|AuthService|WARN|Data synchronization took longer than expected.
2025-04-17 07:02:39|AuthService|INFO|Invalid password attempt for user 'admin'.
2025-04-17 06:59:39|AuthService|ERROR|Cache cleared successfully.
2025-04-17 06:56:39|System|ERROR|Task '' scheduled for 02:00 AM.
2025-04-17 06:53:39|DataSync|INFO|Cache cleared successfully.
2025-04-17 06:50:39|DataSync|DEBUG|Invalid password attempt for user 'bjones'.
2025-04-17 06:47:39|Scheduler|ERROR|System check completed. All systems operational.
2025-04-17 06:44:39|ReportService|WARN|User 'bjones' successfully logged in.
2025-04-17 06:41:39|System|DEBUG|Cache cleared successfully.
2025-04-17 06:38:39|CacheService|ERROR|Synchronization completed with 4 errors.
2025-04-17 06:35:39|ReportService|INFO|Failed to generate daily report: timeout occurred.
2025-04-17 06:32:39|AuthService|DEBUG|User 'bjones' logged out.
2025-04-17 06:29:39|AuthService|ERROR|Invalid password attempt for user 'admin'.
2025-04-17 06:26:39|DataSync|DEBUG|User 'asmith' successfully logged in.
2025-04-17 06:23:39|AuthService|INFO|Data synchronization took longer than expected.
2025-04-17 06:20:39|Scheduler|DEBUG|User 'admin' successfully logged in.
2025-04-17 06:17:39|Scheduler|INFO|Failed to generate daily report: disk full.
2025-04-17 06:14:39|ReportService|DEBUG|Synchronization completed with 1 errors.
2025-04-17 06:11:39|DataSync|DEBUG|User 'bjones' logged out.
2025-04-17 06:08:39|CacheService|DEBUG|Task '' scheduled for 12:00 PM.
2025-04-17 06:05:39|System|ERROR|Data synchronization took longer than expected.
2025-04-17 06:02:39|ReportService|INFO|Cache cleared successfully.
2025-04-17 05:59:39|CacheService|DEBUG|Cache cleared successfully.
2025-04-17 05:56:39|AuthService|DEBUG|Data synchronization took longer than expected.
2025-04-17 05:53:39|System|DEBUG|User 'jdoe' successfully logged in.
2025-04-17 05:50:39|System|INFO|User 'asmith' logged out.
2025-04-17 05:47:39|AuthService|INFO|Data synchronization took longer than expected.
2025-04-17 05:44:39|Scheduler|ERROR|Failed to generate daily report: disk full.
2025-04-17 05:41:39|DataSync|DEBUG|Data synchronization took longer than expected.
2025-04-17 05:38:39|ReportService|ERROR|User 'admin' successfully logged in.
2025-04-17 05:35:39|ReportService|INFO|Task '' scheduled for 12:00 PM.
2025-04-17 05:32:39|ReportService|ERROR|User 'bjones' logged out.
2025-04-17 05:29:39|System|ERROR|System check completed. All systems operational.
2025-04-17 05:26:39|AuthService|INFO|Synchronization completed with 3 errors.
2025-04-17 05:23:39|DataSync|INFO|User 'bjones' successfully logged in.
2025-04-17 05:20:39|Scheduler|ERROR|Data synchronization took longer than expected.
2025-04-17 05:17:39|Scheduler|WARN|Cache cleared successfully.
2025-04-17 05:14:39|CacheService|DEBUG|Cache cleared successfully.
2025-04-17 05:11:39|ReportService|ERROR|System check completed. All systems operational.
2025-04-17 05:08:39|Scheduler|INFO|Task '' scheduled for 12:00 PM.
2025-04-17 05:05:39|Scheduler|WARN|User 'admin' successfully logged in.
2025-04-17 05:02:39|AuthService|DEBUG|Invalid password attempt for user 'admin'.
2025-04-17 04:59:39|System|DEBUG|Cache cleared successfully.
2025-04-17 04:56:39|DataSync|ERROR|Failed to generate daily report: timeout occurred.
2025-04-17 04:53:39|ReportService|DEBUG|User 'jdoe' successfully logged in.
2025-04-17 04:50:39|CacheService|WARN|User 'bjones' successfully logged in.
2025-04-17 04:47:39|DataSync|DEBUG|Synchronization completed with 3 errors.
2025-04-17 04:44:39|ReportService|DEBUG|System check completed. All systems operational.
2025-04-17 04:41:39|DataSync|WARN|System check completed. All systems operational.
2025-04-17 04:38:39|DataSync|DEBUG|User 'bjones' successfully logged in.
2025-04-17 04:35:39|Scheduler|DEBUG|Invalid password attempt for user 'admin'.
2025-04-17 04:32:39|ReportService|INFO|Cache cleared successfully.
2025-04-17 04:29:39|ReportService|WARN|User 'admin' logged out.
2025-04-17 04:26:39|DataSync|WARN|Task '' scheduled for 04:00 AM.
2025-04-17 04:23:39|DataSync|WARN|Failed to generate daily report: timeout occurred.
2025-04-17 04:20:39|System|WARN|User 'jdoe' successfully logged in.
2025-04-17 04:17:39|Scheduler|DEBUG|Cache cleared successfully.
2025-04-17 04:14:39|System|DEBUG|Synchronization completed with 3 errors.
2025-04-17 04:11:39|ReportService|ERROR|Task '' scheduled for 04:00 AM.
2025-04-17 04:08:39|CacheService|ERROR|Cache cleared successfully.
2025-04-17 04:05:39|ReportService|INFO|Failed to generate daily report: permission denied.
2025-04-17 04:02:39|AuthService|DEBUG|Failed to generate daily report: file access denied.
2025-04-17 03:59:39|DataSync|WARN|Synchronization completed with 3 errors.
2025-04-17 03:56:39|CacheService|WARN|Failed to generate daily report: timeout occurred.
2025-04-17 03:53:39|AuthService|INFO|Failed to generate daily report: disk full.
2025-04-17 03:50:39|DataSync|ERROR|Synchronization completed with 0 errors.
2025-04-17 03:47:39|CacheService|WARN|Data synchronization took longer than expected.
2025-04-17 03:44:39|DataSync|WARN|Data synchronization took longer than expected.
2025-04-17 03:41:39|DataSync|ERROR|Cache cleared successfully.
2025-04-17 03:38:39|DataSync|DEBUG|Synchronization completed with 1 errors.
2025-04-17 03:35:39|ReportService|ERROR|Cache cleared successfully.
2025-04-17 03:32:39|DataSync|DEBUG|Data synchronization took longer than expected.
2025-04-17 03:29:39|CacheService|INFO|Cache cleared successfully.
2025-04-17 03:26:39|CacheService|WARN|Synchronization completed with 2 errors.
2025-04-17 03:23:39|DataSync|DEBUG|System check completed. All systems operational.
2025-04-17 03:20:39|AuthService|WARN|Failed to generate daily report: file access denied.
2025-04-17 03:17:39|AuthService|ERROR|System check completed. All systems operational.
2025-04-17 03:14:39|AuthService|DEBUG|Task '' scheduled for 04:00 AM.
2025-04-17 03:11:39|CacheService|INFO|Synchronization completed with 0 errors.
2025-04-17 03:08:39|Scheduler|ERROR|Task '' scheduled for 12:00 PM.
2025-04-17 03:05:39|DataSync|INFO|User 'asmith' successfully logged in.
2025-04-17 03:02:39|ReportService|DEBUG|System check completed. All systems operational.
2025-04-17 02:59:39|AuthService|INFO|User 'asmith' logged out.
2025-04-17 02:56:39|System|INFO|System check completed. All systems operational.
2025-04-17 02:53:39|DataSync|ERROR|Synchronization completed with 0 errors.
2025-04-17 02:50:39|AuthService|ERROR|Synchronization completed with 2 errors.
2025-04-17 02:47:39|Scheduler|WARN|User 'bjones' logged out.
2025-04-17 02:44:39|ReportService|INFO|User 'jdoe' successfully logged in.
2025-04-17 02:41:39|Scheduler|DEBUG|User 'admin' logged out.
2025-04-17 02:38:39|Scheduler|WARN|Task '' scheduled for 02:00 AM.
2025-04-17 02:35:39|Scheduler|DEBUG|Synchronization completed with 1 errors.
2025-04-17 02:32:39|DataSync|WARN|Synchronization completed with 0 errors.
2025-04-17 02:29:39|ReportService|DEBUG|Invalid password attempt for user 'admin'.
2025-04-17 02:26:39|AuthService|INFO|Failed to generate daily report: timeout occurred.
2025-04-17 02:23:39|AuthService|DEBUG|Cache cleared successfully.
2025-04-17 02:20:39|Scheduler|INFO|Data synchronization took longer than expected.
2025-04-17 02:17:39|System|WARN|System check completed. All systems operational.
2025-04-17 02:14:39|ReportService|DEBUG|Synchronization completed with 0 errors.
2025-04-17 02:11:39|CacheService|INFO|User 'bjones' logged out.
2025-04-17 02:08:39|Scheduler|INFO|Data synchronization took longer than expected.
2025-04-17 02:05:39|Scheduler|INFO|Invalid password attempt for user 'admin'.
2025-04-17 02:02:39|AuthService|WARN|User 'asmith' logged out.
2025-04-17 01:59:39|DataSync|ERROR|Cache cleared successfully.
2025-04-17 01:56:39|System|WARN|Data synchronization took longer than expected.
2025-04-17 01:53:39|ReportService|INFO|Cache cleared successfully.
2025-04-17 01:50:39|Scheduler|INFO|User 'admin' successfully logged in.
2025-04-17 01:47:39|System|INFO|User 'admin' successfully logged in.
2025-04-17 01:44:39|AuthService|INFO|User 'admin' logged out.
2025-04-17 01:41:39|Scheduler|ERROR|Synchronization completed with 2 errors.
2025-04-17 01:38:39|ReportService|DEBUG|Failed to generate daily report: timeout occurred.
2025-04-17 01:35:39|DataSync|ERROR|User 'bjones' successfully logged in.
2025-04-17 01:32:39|Scheduler|ERROR|User 'jdoe' successfully logged in.
2025-04-17 01:29:39|Scheduler|WARN|Invalid password attempt for user 'admin'.
2025-04-17 01:26:39|DataSync|ERROR|Task '' scheduled for 04:00 AM.
2025-04-17 01:23:39|ReportService|ERROR|Invalid password attempt for user 'asmith'.
2025-04-17 01:20:39|Scheduler|ERROR|Cache cleared successfully.
2025-04-17 01:17:39|System|WARN|Invalid password attempt for user 'admin'.
2025-04-17 01:14:39|CacheService|DEBUG|User 'admin' logged out.
2025-04-17 01:11:39|System|DEBUG|Task '' scheduled for 04:00 AM.
2025-04-17 01:08:39|DataSync|ERROR|System check completed. All systems operational.
2025-04-17 01:05:39|AuthService|DEBUG|System check completed. All systems operational.
2025-04-17 01:02:39|DataSync|INFO|User 'jdoe' logged out.
2025-04-17 00:59:39|CacheService|INFO|Invalid password attempt for user 'jdoe'.
2025-04-17 00:56:39|System|INFO|User 'bjones' successfully logged in.
2025-04-17 00:53:39|System|INFO|Synchronization completed with 1 errors.
2025-04-17 00:50:39|System|DEBUG|Task '' scheduled for 02:00 AM.
2025-04-17 00:47:39|DataSync|WARN|User 'jdoe' logged out.
2025-04-17 00:44:39|DataSync|ERROR|Failed to generate daily report: timeout occurred.
2025-04-17 00:41:39|DataSync|INFO|Invalid password attempt for user 'admin'.
2025-04-17 00:38:39|ReportService|ERROR|User 'admin' logged out.
2025-04-17 00:35:39|AuthService|DEBUG|User 'bjones' successfully logged in.
2025-04-17 00:32:39|System|DEBUG|User 'bjones' logged out.
2025-04-17 00:29:39|AuthService|WARN|User 'admin' successfully logged in.
2025-04-17 00:26:39|AuthService|INFO|Synchronization completed with 0 errors.
2025-04-17 00:23:39|CacheService|WARN|Failed to generate daily report: timeout occurred.
2025-04-17 00:20:39|CacheService|WARN|Synchronization completed with 2 errors.
2025-04-17 00:17:39|CacheService|WARN|Invalid password attempt for user 'bjones'.
2025-04-17 00:14:39|CacheService|DEBUG|Cache cleared successfully.
2025-04-17 00:11:39|DataSync|ERROR|System check completed. All systems operational.
2025-04-17 00:08:39|AuthService|ERROR|Failed to generate daily report: file access denied.
2025-04-17 00:05:39|AuthService|INFO|Data synchronization took longer than expected.
2025-04-17 00:02:39|ReportService|ERROR|Task '' scheduled for 04:00 AM.
2025-04-16 23:59:39|AuthService|WARN|Data synchronization took longer than expected.
2025-04-16 23:56:39|CacheService|DEBUG|Data synchronization took longer than expected.
2025-04-16 23:53:39|DataSync|DEBUG|Task '' scheduled for 02:00 AM.
2025-04-16 23:50:39|AuthService|ERROR|System check completed. All systems operational.
2025-04-16 23:47:39|AuthService|ERROR|Failed to generate daily report: timeout occurred.
2025-04-16 23:44:39|System|ERROR|Invalid password attempt for user 'bjones'.
2025-04-16 23:41:39|CacheService|ERROR|User 'admin' successfully logged in.
2025-04-16 23:38:39|System|DEBUG|Data synchronization took longer than expected.
2025-04-16 23:35:39|DataSync|WARN|Cache cleared successfully.
2025-04-16 23:32:39|Scheduler|ERROR|Data synchronization took longer than expected.
2025-04-16 23:29:39|CacheService|INFO|Data synchronization took longer than expected.
2025-04-16 23:26:39|Scheduler|DEBUG|Invalid password attempt for user 'asmith'.
2025-04-16 23:23:39|CacheService|DEBUG|Cache cleared successfully.
2025-04-16 23:20:39|AuthService|ERROR|User 'asmith' successfully logged in.
2025-04-16 23:17:39|AuthService|INFO|Synchronization completed with 2 errors.
2025-04-16 23:14:39|AuthService|DEBUG|Invalid password attempt for user 'bjones'.
2025-04-16 23:11:39|System|ERROR|User 'admin' successfully logged in.
2025-04-16 23:08:39|ReportService|INFO|Cache cleared successfully.
2025-04-16 23:05:39|CacheService|WARN|System check completed. All systems operational.
2025-04-16 23:02:39|AuthService|INFO|User 'admin' successfully logged in.
2025-04-16 22:59:39|ReportService|WARN|Task '' scheduled for 12:00 PM.
2025-04-16 22:56:39|ReportService|DEBUG|Data synchronization took longer than expected.
2025-04-16 22:53:39|DataSync|INFO|System check completed. All systems operational.
2025-04-16 22:50:39|ReportService|DEBUG|Invalid password attempt for user 'jdoe'.
2025-04-16 22:47:39|Scheduler|WARN|System check completed. All systems operational.
2025-04-16 22:44:39|AuthService|INFO|Cache cleared successfully.
2025-04-16 22:41:39|System|INFO|Synchronization completed with 1 errors.
2025-04-16 22:38:39|CacheService|DEBUG|Invalid password attempt for user 'admin'.
2025-04-16 22:35:39|Scheduler|INFO|System check completed. All systems operational.
2025-04-16 22:32:39|CacheService|ERROR|Task '' scheduled for 04:00 AM.
2025-04-16 22:29:39|AuthService|DEBUG|System check completed. All systems operational.
2025-04-16 22:26:39|AuthService|DEBUG|Failed to generate daily report: file access denied.
2025-04-16 22:23:39|Scheduler|WARN|User 'bjones' logged out.
2025-04-16 22:20:39|CacheService|WARN|Synchronization completed with 1 errors.
2025-04-16 22:17:39|CacheService|WARN|User 'jdoe' successfully logged in.
2025-04-16 22:14:39|ReportService|INFO|Task '' scheduled for 12:00 PM.
2025-04-16 22:11:39|System|ERROR|User 'admin' successfully logged in.
2025-04-16 22:08:39|System|ERROR|Cache cleared successfully.
2025-04-16 22:05:39|System|WARN|Invalid password attempt for user 'bjones'.
2025-04-16 22:02:39|ReportService|DEBUG|User 'bjones' successfully logged in.
2025-04-16 21:59:39|ReportService|INFO|System check completed. All systems operational.
2025-04-16 21:56:39|ReportService|ERROR|System check completed. All systems operational.
2025-04-16 21:53:39|CacheService|ERROR|Cache cleared successfully.
2025-04-16 21:50:39|AuthService|DEBUG|Invalid password attempt for user 'asmith'.
2025-04-16 21:47:39|AuthService|DEBUG|System check completed. All systems operational.
2025-04-16 21:44:39|ReportService|DEBUG|User 'asmith' successfully logged in.
2025-04-16 21:41:39|AuthService|WARN|Cache cleared successfully.
2025-04-16 21:38:39|DataSync|DEBUG|System check completed. All systems operational.
2025-04-16 21:35:39|Scheduler|ERROR|Synchronization completed with 2 errors.
2025-04-16 21:32:39|AuthService|INFO|Failed to generate daily report: disk full.
2025-04-16 21:29:39|Scheduler|DEBUG|Synchronization completed with 1 errors.
2025-04-16 21:26:39|DataSync|DEBUG|Data synchronization took longer than expected.
2025-04-16 21:23:39|ReportService|DEBUG|Cache cleared successfully.
2025-04-16 21:20:39|CacheService|INFO|User 'admin' logged out.
2025-04-16 21:17:39|System|ERROR|Task '' scheduled for 02:00 AM.
2025-04-16 21:14:39|System|DEBUG|Failed to generate daily report: timeout occurred.
2025-04-16 21:11:39|AuthService|ERROR|Task '' scheduled for 02:00 AM.
2025-04-16 21:08:39|ReportService|DEBUG|Failed to generate daily report: timeout occurred.
2025-04-16 21:05:39|CacheService|WARN|Failed to generate daily report: timeout occurred.
2025-04-16 21:02:39|AuthService|ERROR|Failed to generate daily report: permission denied.
2025-04-16 20:59:39|CacheService|INFO|User 'asmith' logged out.
2025-04-16 20:56:39|AuthService|DEBUG|Invalid password attempt for user 'asmith'.
2025-04-16 20:53:39|System|DEBUG|Cache cleared successfully.
2025-04-16 20:50:39|AuthService|ERROR|Failed to generate daily report: permission denied.
2025-04-16 20:47:39|DataSync|ERROR|User 'jdoe' logged out.
2025-04-16 20:44:39|Scheduler|ERROR|Data synchronization took longer than expected.
2025-04-16 20:41:39|CacheService|INFO|Data synchronization took longer than expected.
2025-04-16 20:38:39|AuthService|WARN|Invalid password attempt for user 'jdoe'.
2025-04-16 20:35:39|ReportService|ERROR|User 'bjones' logged out.
2025-04-16 20:32:39|DataSync|ERROR|Failed to generate daily report: timeout occurred.
2025-04-16 20:29:39|DataSync|WARN|User 'admin' logged out.
2025-04-16 20:26:39|DataSync|ERROR|Cache cleared successfully.
2025-04-16 20:23:39|DataSync|WARN|Failed to generate daily report: disk full.
2025-04-16 20:20:39|DataSync|DEBUG|User 'bjones' logged out.
2025-04-16 20:17:39|System|ERROR|Synchronization completed with 1 errors.
2025-04-16 20:14:39|DataSync|ERROR|Task '' scheduled for 04:00 AM.
2025-04-16 20:11:39|System|ERROR|System check completed. All systems operational.
2025-04-16 20:08:39|Scheduler|ERROR|Synchronization completed with 4 errors.
2025-04-16 20:05:39|CacheService|ERROR|Data synchronization took longer than expected.
2025-04-16 20:02:39|ReportService|DEBUG|Invalid password attempt for user 'asmith'.
2025-04-16 19:59:39|ReportService|INFO|Synchronization completed with 0 errors.
2025-04-16 19:56:39|ReportService|WARN|Cache cleared successfully.
2025-04-16 19:53:39|AuthService|INFO|Failed to generate daily report: timeout occurred.
2025-04-16 19:50:39|ReportService|ERROR|Invalid password attempt for user 'jdoe'.
2025-04-16 19:47:39|DataSync|DEBUG|Synchronization completed with 0 errors.
2025-04-16 19:44:39|System|WARN|Data synchronization took longer than expected.
2025-04-16 19:41:39|DataSync|ERROR|Task '' scheduled for 12:00 PM.
2025-04-16 19:38:39|ReportService|INFO|Cache cleared successfully.
2025-04-16 19:35:39|Scheduler|INFO|Synchronization completed with 0 errors.
2025-04-16 19:32:39|AuthService|DEBUG|System check completed. All systems operational.
2025-04-16 19:29:39|DataSync|ERROR|Cache cleared successfully.
2025-04-16 19:26:39|DataSync|INFO|Data synchronization took longer than expected.
2025-04-16 19:23:39|CacheService|DEBUG|System check completed. All systems operational.
2025-04-16 19:20:39|CacheService|WARN|User 'admin' successfully logged in.
2025-04-16 19:17:39|DataSync|ERROR|Invalid password attempt for user 'admin'.
2025-04-16 19:14:39|Scheduler|WARN|User 'asmith' logged out.
2025-04-16 19:11:39|ReportService|DEBUG|Cache cleared successfully.
2025-04-16 19:08:39|ReportService|WARN|Cache cleared successfully.
2025-04-16 19:05:39|DataSync|ERROR|Failed to generate daily report: permission denied.
2025-04-16 19:02:39|CacheService|DEBUG|Task '' scheduled for 12:00 PM.
2025-04-16 18:59:39|Scheduler|WARN|Cache cleared successfully.
2025-04-16 18:56:39|AuthService|ERROR|User 'admin' successfully logged in.
2025-04-16 18:53:39|DataSync|ERROR|Data synchronization took longer than expected.
2025-04-16 18:50:39|DataSync|ERROR|User 'bjones' successfully logged in.
2025-04-16 18:47:39|ReportService|WARN|Synchronization completed with 2 errors.
2025-04-16 18:44:39|AuthService|WARN|User 'asmith' successfully logged in.
2025-04-16 18:41:39|DataSync|ERROR|Synchronization completed with 2 errors.
2025-04-16 18:38:39|CacheService|INFO|Task '' scheduled for 04:00 AM.
2025-04-16 18:35:39|DataSync|ERROR|Synchronization completed with 2 errors.
2025-04-16 18:32:39|ReportService|DEBUG|Synchronization completed with 1 errors.
2025-04-16 18:29:39|System|WARN|Synchronization completed with 0 errors.
2025-04-16 18:26:39|AuthService|INFO|Synchronization completed with 4 errors.
2025-04-16 18:23:39|CacheService|WARN|Task '' scheduled for 12:00 PM.
2025-04-16 18:20:39|AuthService|DEBUG|User 'bjones' successfully logged in.
2025-04-16 18:17:39|CacheService|DEBUG|Task '' scheduled for 04:00 AM.
2025-04-16 18:14:39|ReportService|DEBUG|Cache cleared successfully.
2025-04-16 18:11:39|System|ERROR|System check completed. All systems operational.
2025-04-16 18:08:39|ReportService|DEBUG|Invalid password attempt for user 'admin'.
2025-04-16 18:05:39|System|WARN|Data synchronization took longer than expected.
2025-04-16 18:02:39|System|INFO|Cache cleared successfully.
2025-04-16 17:59:39|System|WARN|System check completed. All systems operational.
2025-04-16 17:56:39|System|INFO|User 'admin' successfully logged in.
2025-04-16 17:53:39|Scheduler|INFO|Data synchronization took longer than expected.
2025-04-16 17:50:39|ReportService|WARN|Cache cleared successfully.
2025-04-16 17:47:39|CacheService|WARN|User 'bjones' successfully logged in.
2025-04-16 17:44:39|DataSync|INFO|Data synchronization took longer than expected.
2025-04-16 17:41:39|CacheService|INFO|System check completed. All systems operational.
2025-04-16 17:38:39|Scheduler|ERROR|Invalid password attempt for user 'jdoe'.
2025-04-16 17:35:39|Scheduler|INFO|Data synchronization took longer than expected.
2025-04-16 17:32:39|AuthService|DEBUG|Cache cleared successfully.
2025-04-16 17:29:39|ReportService|DEBUG|Data synchronization took longer than expected.
2025-04-16 17:26:39|ReportService|WARN|Data synchronization took longer than expected.
2025-04-16 17:23:39|CacheService|WARN|User 'bjones' logged out.
2025-04-16 17:20:39|CacheService|WARN|Data synchronization took longer than expected.
2025-04-16 17:17:39|DataSync|DEBUG|Task '' scheduled for 02:00 AM.
2025-04-16 17:14:39|Scheduler|DEBUG|Cache cleared successfully.
2025-04-16 17:11:39|CacheService|WARN|Task '' scheduled for 12:00 PM.
2025-04-16 17:08:39|System|INFO|User 'bjones' logged out.
2025-04-16 17:05:39|DataSync|INFO|Task '' scheduled for 04:00 AM.
2025-04-16 17:02:39|AuthService|INFO|Data synchronization took longer than expected.
2025-04-16 16:59:39|AuthService|WARN|Failed to generate daily report: timeout occurred.
2025-04-16 16:56:39|AuthService|INFO|Invalid password attempt for user 'bjones'.
2025-04-16 16:53:39|ReportService|DEBUG|Data synchronization took longer than expected.
2025-04-16 16:50:39|ReportService|ERROR|Task '' scheduled for 12:00 PM.
2025-04-16 16:47:39|DataSync|ERROR|Invalid password attempt for user 'jdoe'.
2025-04-16 16:44:39|AuthService|DEBUG|Task '' scheduled for 12:00 PM.
2025-04-16 16:41:39|ReportService|ERROR|Failed to generate daily report: timeout occurred.
